<?xml version="1.0" encoding="UTF-8"?>
<coverage generated="1497596374693" clover="3.2.0">
  <project timestamp="1497596374693" name="All files">
    <metrics statements="17" coveredstatements="16" conditionals="4" coveredconditionals="3" methods="9" coveredmethods="8" elements="30" coveredelements="27" complexity="0" loc="17" ncloc="17" packages="3" files="4" classes="4">
      <package name="actions">
        <metrics statements="7" coveredstatements="6" conditionals="0" coveredconditionals="0" methods="3" coveredmethods="2"/>
        <file name="index.jsx" path="/Users/luchen/Work/IdeaProjects/FE/es6-react-sample/app/TodoRedux/actions/index.jsx">
          <metrics statements="7" coveredstatements="6" conditionals="0" coveredconditionals="0" methods="3" coveredmethods="2"/>
          <line num="1" count="3" type="stmt"/>
          <line num="3" count="3" type="stmt"/>
          <line num="4" count="1" type="stmt"/>
          <line num="11" count="3" type="stmt"/>
          <line num="12" count="1" type="stmt"/>
          <line num="18" count="3" type="stmt"/>
          <line num="19" count="0" type="stmt"/>
        </file>
      </package>
      <package name="components">
        <metrics statements="4" coveredstatements="4" conditionals="4" coveredconditionals="3" methods="3" coveredmethods="3"/>
        <file name="Footer.jsx" path="/Users/luchen/Work/IdeaProjects/FE/es6-react-sample/app/TodoRedux/components/Footer.jsx">
          <metrics statements="1" coveredstatements="1" conditionals="0" coveredconditionals="0" methods="1" coveredmethods="1"/>
          <line num="6" count="2" type="stmt"/>
        </file>
        <file name="Link.jsx" path="/Users/luchen/Work/IdeaProjects/FE/es6-react-sample/app/TodoRedux/components/Link.jsx">
          <metrics statements="3" coveredstatements="3" conditionals="4" coveredconditionals="3" methods="2" coveredmethods="2"/>
          <line num="12" count="3" type="stmt"/>
          <line num="19" count="1" type="stmt"/>
          <line num="20" count="1" type="stmt"/>
        </file>
      </package>
      <package name="containers">
        <metrics statements="6" coveredstatements="6" conditionals="0" coveredconditionals="0" methods="3" coveredmethods="3"/>
        <file name="FilterLink.js" path="/Users/luchen/Work/IdeaProjects/FE/es6-react-sample/app/TodoRedux/containers/FilterLink.js">
          <metrics statements="6" coveredstatements="6" conditionals="0" coveredconditionals="0" methods="3" coveredmethods="3"/>
          <line num="5" count="2" type="stmt"/>
          <line num="6" count="3" type="stmt"/>
          <line num="11" count="2" type="stmt"/>
          <line num="12" count="3" type="stmt"/>
          <line num="14" count="1" type="stmt"/>
          <line num="19" count="2" type="stmt"/>
        </file>
      </package>
    </metrics>
  </project>
</coverage>
