<?xml version="1.0" encoding="UTF-8"?>
<coverage generated="1497515899007" clover="3.2.0">
  <project timestamp="1497515899007" name="All files">
    <metrics statements="7" coveredstatements="5" conditionals="0" coveredconditionals="0" methods="3" coveredmethods="1" elements="10" coveredelements="6" complexity="0" loc="7" ncloc="7" packages="1" files="1" classes="1">
      <file name="index.jsx" path="/Users/luchen/Work/IdeaProjects/FE/es6-react-sample/app/TodoRedux/actions/index.jsx">
        <metrics statements="7" coveredstatements="5" conditionals="0" coveredconditionals="0" methods="3" coveredmethods="1"/>
        <line num="1" count="1" type="stmt"/>
        <line num="3" count="1" type="stmt"/>
        <line num="4" count="1" type="stmt"/>
        <line num="11" count="1" type="stmt"/>
        <line num="12" count="0" type="stmt"/>
        <line num="18" count="1" type="stmt"/>
        <line num="19" count="0" type="stmt"/>
      </file>
    </metrics>
  </project>
</coverage>
