{"/Users/luchen/Work/IdeaProjects/FE/es6-react-sample/app/TodoRedux/actions/index.jsx": {"path":"/Users/luchen/Work/IdeaProjects/FE/es6-react-sample/app/TodoRedux/actions/index.jsx","statementMap":{"0":{"start":{"line":1,"column":17},"end":{"line":1,"column":18}},"1":{"start":{"line":3,"column":23},"end":{"line":9,"column":1}},"2":{"start":{"line":4,"column":4},"end":{"line":8,"column":5}},"3":{"start":{"line":11,"column":35},"end":{"line":16,"column":1}},"4":{"start":{"line":12,"column":4},"end":{"line":15,"column":5}},"5":{"start":{"line":18,"column":26},"end":{"line":23,"column":1}},"6":{"start":{"line":19,"column":4},"end":{"line":22,"column":5}}},"fnMap":{"0":{"name":"(anonymous_0)","decl":{"start":{"line":3,"column":23},"end":{"line":3,"column":24}},"loc":{"start":{"line":3,"column":33},"end":{"line":9,"column":1}},"line":3},"1":{"name":"(anonymous_1)","decl":{"start":{"line":11,"column":35},"end":{"line":11,"column":36}},"loc":{"start":{"line":11,"column":47},"end":{"line":16,"column":1}},"line":11},"2":{"name":"(anonymous_2)","decl":{"start":{"line":18,"column":26},"end":{"line":18,"column":27}},"loc":{"start":{"line":18,"column":34},"end":{"line":23,"column":1}},"line":18}},"branchMap":{},"s":{"0":3,"1":3,"2":1,"3":3,"4":1,"5":3,"6":0},"f":{"0":1,"1":1,"2":0},"b":{},"_coverageSchema":"332fd63041d2c1bcb487cc26dd0d5f7d97098a6c","hash":"d670c3614b781b9d242ce8fda51e08817d11b8b1"}
,"/Users/luchen/Work/IdeaProjects/FE/es6-react-sample/app/TodoRedux/components/Footer.jsx": {"path":"/Users/luchen/Work/IdeaProjects/FE/es6-react-sample/app/TodoRedux/components/Footer.jsx","statementMap":{"0":{"start":{"line":6,"column":8},"end":{"line":22,"column":10}}},"fnMap":{"0":{"name":"(anonymous_0)","decl":{"start":{"line":5,"column":4},"end":{"line":5,"column":5}},"loc":{"start":{"line":5,"column":13},"end":{"line":23,"column":5}},"line":5}},"branchMap":{},"s":{"0":2},"f":{"0":2},"b":{},"_coverageSchema":"332fd63041d2c1bcb487cc26dd0d5f7d97098a6c","hash":"c0a3f69c6e07716c78fb601efe207b25670b4f16"}
,"/Users/luchen/Work/IdeaProjects/FE/es6-react-sample/app/TodoRedux/components/Link.jsx": {"path":"/Users/luchen/Work/IdeaProjects/FE/es6-react-sample/app/TodoRedux/components/Link.jsx","statementMap":{"0":{"start":{"line":12,"column":2},"end":{"line":28,"column":3}},"1":{"start":{"line":19,"column":9},"end":{"line":19,"column":27}},"2":{"start":{"line":20,"column":9},"end":{"line":20,"column":29}}},"fnMap":{"0":{"name":"(anonymous_0)","decl":{"start":{"line":11,"column":1},"end":{"line":11,"column":2}},"loc":{"start":{"line":11,"column":10},"end":{"line":29,"column":2}},"line":11},"1":{"name":"(anonymous_1)","decl":{"start":{"line":18,"column":17},"end":{"line":18,"column":18}},"loc":{"start":{"line":18,"column":22},"end":{"line":21,"column":9}},"line":18}},"branchMap":{"0":{"loc":{"start":{"line":14,"column":5},"end":{"line":14,"column":66}},"type":"binary-expr","locations":[{"start":{"line":14,"column":6},"end":{"line":14,"column":23}},{"start":{"line":14,"column":29},"end":{"line":14,"column":65}}],"line":14},"1":{"loc":{"start":{"line":16,"column":5},"end":{"line":25,"column":6}},"type":"binary-expr","locations":[{"start":{"line":16,"column":6},"end":{"line":16,"column":24}},{"start":{"line":17,"column":6},"end":{"line":24,"column":10}}],"line":16}},"s":{"0":3,"1":1,"2":1},"f":{"0":3,"1":1},"b":{"0":[3,0],"1":[3,3]},"_coverageSchema":"332fd63041d2c1bcb487cc26dd0d5f7d97098a6c","hash":"6801a776b34f245909a747964b2e04cfa79acf02"}
,"/Users/luchen/Work/IdeaProjects/FE/es6-react-sample/app/TodoRedux/containers/FilterLink.js": {"path":"/Users/luchen/Work/IdeaProjects/FE/es6-react-sample/app/TodoRedux/containers/FilterLink.js","statementMap":{"0":{"start":{"line":5,"column":24},"end":{"line":9,"column":1}},"1":{"start":{"line":6,"column":4},"end":{"line":8,"column":5}},"2":{"start":{"line":11,"column":27},"end":{"line":17,"column":1}},"3":{"start":{"line":12,"column":4},"end":{"line":16,"column":5}},"4":{"start":{"line":14,"column":12},"end":{"line":14,"column":58}},"5":{"start":{"line":19,"column":19},"end":{"line":22,"column":7}}},"fnMap":{"0":{"name":"(anonymous_0)","decl":{"start":{"line":5,"column":24},"end":{"line":5,"column":25}},"loc":{"start":{"line":5,"column":45},"end":{"line":9,"column":1}},"line":5},"1":{"name":"(anonymous_1)","decl":{"start":{"line":11,"column":27},"end":{"line":11,"column":28}},"loc":{"start":{"line":11,"column":51},"end":{"line":17,"column":1}},"line":11},"2":{"name":"(anonymous_2)","decl":{"start":{"line":13,"column":17},"end":{"line":13,"column":18}},"loc":{"start":{"line":13,"column":23},"end":{"line":15,"column":9}},"line":13}},"branchMap":{},"s":{"0":2,"1":3,"2":2,"3":3,"4":1,"5":2},"f":{"0":3,"1":3,"2":1},"b":{},"_coverageSchema":"332fd63041d2c1bcb487cc26dd0d5f7d97098a6c","hash":"78a8b89bdc96e749b3fe88e35b4e8a94c3c79c67"}
}
