TN:
SF:/Users/luchen/Work/IdeaProjects/FE/es6-react-sample/app/TodoRedux/actions/index.jsx
FN:3,(anonymous_0)
FN:11,(anonymous_1)
FN:18,(anonymous_2)
FNF:3
FNH:2
FNDA:1,(anonymous_0)
FNDA:1,(anonymous_1)
FNDA:0,(anonymous_2)
DA:1,3
DA:3,3
DA:4,1
DA:11,3
DA:12,1
DA:18,3
DA:19,0
LF:7
LH:6
BRF:0
BRH:0
end_of_record
TN:
SF:/Users/luchen/Work/IdeaProjects/FE/es6-react-sample/app/TodoRedux/components/Footer.jsx
FN:5,(anonymous_0)
FNF:1
FNH:1
FNDA:2,(anonymous_0)
DA:6,2
LF:1
LH:1
BRF:0
BRH:0
end_of_record
TN:
SF:/Users/luchen/Work/IdeaProjects/FE/es6-react-sample/app/TodoRedux/components/Link.jsx
FN:11,(anonymous_0)
FN:18,(anonymous_1)
FNF:2
FNH:2
FNDA:3,(anonymous_0)
FNDA:1,(anonymous_1)
DA:12,3
DA:19,1
DA:20,1
LF:3
LH:3
BRDA:14,0,0,3
BRDA:14,0,1,0
BRDA:16,1,0,3
BRDA:16,1,1,3
BRF:4
BRH:3
end_of_record
TN:
SF:/Users/luchen/Work/IdeaProjects/FE/es6-react-sample/app/TodoRedux/containers/FilterLink.js
FN:5,(anonymous_0)
FN:11,(anonymous_1)
FN:13,(anonymous_2)
FNF:3
FNH:3
FNDA:3,(anonymous_0)
FNDA:3,(anonymous_1)
FNDA:1,(anonymous_2)
DA:5,2
DA:6,3
DA:11,2
DA:12,3
DA:14,1
DA:19,2
LF:6
LH:6
BRF:0
BRH:0
end_of_record
